[ 2017-01-25T19:55:46+08:00 ] ::1 /index.php?s=/addon/Feedback/Feedback/lists.html&mdm=367
INFO: [ app_init ] --START--
INFO: Run Behavior\BuildLiteBehavior [ RunTime:0.000016s ]
SQL: SHOW COLUMNS FROM `kevinhooks` [ RunTime:0.0059s ]
SQL: SELECT `name`,`addons` FROM `kevinhooks`  [ RunTime:0.0010s ]
SQL: SHOW COLUMNS FROM `kevinaddons` [ RunTime:0.0059s ]
SQL: SELECT `id`,`name` FROM `kevinaddons` WHERE `status` = 1 AND `name` IN ('ReturnTop')  [ RunTime:0.0011s ]
SQL: SHOW COLUMNS FROM `kevinplugin` [ RunTime:0.0063s ]
SQL: SELECT `id`,`name` FROM `kevinplugin` WHERE `status` = 1 AND `name` IN ('ReturnTop')  [ RunTime:0.0010s ]
SQL: SELECT `id`,`name` FROM `kevinaddons` WHERE `status` = 1 AND `name` IN ('SocialComment')  [ RunTime:0.0008s ]
SQL: SELECT `id`,`name` FROM `kevinplugin` WHERE `status` = 1 AND `name` IN ('SocialComment')  [ RunTime:0.0009s ]
SQL: SELECT `id`,`name` FROM `kevinaddons` WHERE `status` = 1 AND `name` IN ('Editor')  [ RunTime:0.0009s ]
SQL: SELECT `id`,`name` FROM `kevinplugin` WHERE `status` = 1 AND `name` IN ('Editor')  [ RunTime:0.0013s ]
SQL: SELECT `id`,`name` FROM `kevinaddons` WHERE `status` = 1 AND `name` IN ('EditorForAdmin')  [ RunTime:0.0010s ]
SQL: SELECT `id`,`name` FROM `kevinplugin` WHERE `status` = 1 AND `name` IN ('EditorForAdmin')  [ RunTime:0.0009s ]
SQL: SELECT `id`,`name` FROM `kevinaddons` WHERE `status` = 1 AND `name` IN ('SiteStat','SystemInfo','DevTeam')  [ RunTime:0.0009s ]
SQL: SELECT `id`,`name` FROM `kevinplugin` WHERE `status` = 1 AND `name` IN ('SiteStat','SystemInfo','DevTeam')  [ RunTime:0.0010s ]
SQL: SELECT `id`,`name` FROM `kevinaddons` WHERE `status` = 1 AND `name` IN ('Editor')  [ RunTime:0.0009s ]
SQL: SELECT `id`,`name` FROM `kevinplugin` WHERE `status` = 1 AND `name` IN ('Editor')  [ RunTime:0.0009s ]
SQL: SELECT `id`,`name` FROM `kevinaddons` WHERE `status` = 1 AND `name` IN ('Hitegg','Diy','ShopCoupon','Wuguai','YaoTV','Analysis','Cms','Feedback','UserCenter')  [ RunTime:0.0011s ]
SQL: SELECT `id`,`name` FROM `kevinplugin` WHERE `status` = 1 AND `name` IN ('Hitegg','Diy','ShopCoupon','Wuguai','YaoTV','Analysis','Cms','Feedback','UserCenter')  [ RunTime:0.0011s ]
SQL: SELECT `id`,`name` FROM `kevinaddons` WHERE `status` = 1 AND `name` IN ('Cascade')  [ RunTime:0.0010s ]
SQL: SELECT `id`,`name` FROM `kevinplugin` WHERE `status` = 1 AND `name` IN ('Cascade')  [ RunTime:0.0011s ]
SQL: SELECT `id`,`name` FROM `kevinaddons` WHERE `status` = 1 AND `name` IN ('Diy')  [ RunTime:0.0010s ]
SQL: SELECT `id`,`name` FROM `kevinplugin` WHERE `status` = 1 AND `name` IN ('Diy')  [ RunTime:0.0010s ]
SQL: SELECT `id`,`name` FROM `kevinaddons` WHERE `status` = 1 AND `name` IN ('DynamicSelect')  [ RunTime:0.0010s ]
SQL: SELECT `id`,`name` FROM `kevinplugin` WHERE `status` = 1 AND `name` IN ('DynamicSelect')  [ RunTime:0.0010s ]
SQL: SELECT `id`,`name` FROM `kevinaddons` WHERE `status` = 1 AND `name` IN ('News')  [ RunTime:0.0010s ]
SQL: SELECT `id`,`name` FROM `kevinplugin` WHERE `status` = 1 AND `name` IN ('News')  [ RunTime:0.0011s ]
SQL: SELECT `id`,`name` FROM `kevinaddons` WHERE `status` = 1 AND `name` IN ('DynamicCheckbox')  [ RunTime:0.0010s ]
SQL: SELECT `id`,`name` FROM `kevinplugin` WHERE `status` = 1 AND `name` IN ('DynamicCheckbox')  [ RunTime:0.0010s ]
SQL: SELECT `id`,`name` FROM `kevinaddons` WHERE `status` = 1 AND `name` IN ('Material')  [ RunTime:0.0011s ]
SQL: SELECT `id`,`name` FROM `kevinplugin` WHERE `status` = 1 AND `name` IN ('Material')  [ RunTime:0.0010s ]
SQL: SELECT `id`,`name` FROM `kevinaddons` WHERE `status` = 1 AND `name` IN ('Prize')  [ RunTime:0.0011s ]
SQL: SELECT `id`,`name` FROM `kevinplugin` WHERE `status` = 1 AND `name` IN ('Prize')  [ RunTime:0.0010s ]
INFO: Run Common\Behavior\InitHookBehavior [ RunTime:0.078850s ]
INFO: [ app_init ] --END-- [ RunTime:0.079445s ]
INFO: [ app_begin ] --START--
INFO: Run Behavior\ReadHtmlCacheBehavior [ RunTime:0.000787s ]
INFO: [ app_begin ] --END-- [ RunTime:0.000841s ]
SQL: SHOW COLUMNS FROM `kevinconfig` [ RunTime:0.0080s ]
SQL: SELECT `type`,`name`,`value` FROM `kevinconfig` WHERE `status` = 1  [ RunTime:0.0011s ]
SQL: SHOW COLUMNS FROM `kevinuser` [ RunTime:0.0058s ]
SQL: SELECT * FROM `kevinuser` WHERE `uid` = 2 LIMIT 1   [ RunTime:0.0012s ]
SQL: SHOW COLUMNS FROM `kevinmanager` [ RunTime:0.0058s ]
SQL: SELECT `uid`,`has_public`,`headface_url`,`GammaAppId`,`GammaSecret`,`copy_right`,`tongji_code`,`website_logo` FROM `kevinmanager` WHERE ( uid='2' ) LIMIT 1   [ RunTime:0.0009s ]
SQL: SHOW COLUMNS FROM `kevinauth_group_access` [ RunTime:0.0057s ]
SQL: SELECT a.group_id,g.title,g.type,g.icon FROM kevinauth_group_access a INNER JOIN kevinauth_group g on a.group_id=g.id  WHERE ( a.uid='2' and g.status='1' )  [ RunTime:0.0010s ]
NOTIC: [2] Invalid argument supplied for foreach() D:\phpStudy\WWW\fanXing\weicmsServer\Application\Common\Model\UserModel.class.php 第 243 行.
SQL: SHOW COLUMNS FROM `kevinpublic_follow` [ RunTime:0.0056s ]
SQL: SELECT `openid`,`token`,`uid`,`has_subscribe`,`syc_status`,`remark` FROM `kevinpublic_follow` WHERE ( uid='2' )  [ RunTime:0.0009s ]
NOTIC: [2] Invalid argument supplied for foreach() D:\phpStudy\WWW\fanXing\weicmsServer\Application\Common\Model\UserModel.class.php 第 251 行.
NOTIC: [8] Undefined index:  D:\phpStudy\WWW\fanXing\weicmsServer\Application\Common\Model\UserModel.class.php 第 271 行.
NOTIC: [8] Undefined index:  D:\phpStudy\WWW\fanXing\weicmsServer\Application\Common\Model\UserModel.class.php 第 272 行.
NOTIC: [8192] preg_replace(): The /e modifier is deprecated, use preg_replace_callback instead D:\phpStudy\WWW\fanXing\weicmsServer\Application\Common\Common\function.php 第 3285 行.
NOTIC: [8] Undefined variable: txt D:\phpStudy\WWW\fanXing\weicmsServer\Application\Common\Common\function.php 第 3294 行.
SQL: SHOW COLUMNS FROM `kevinuser_tag_link` [ RunTime:0.0052s ]
SQL: SELECT `tag_id` FROM `kevinuser_tag_link` WHERE `uid` = 2  [ RunTime:0.0009s ]
NOTIC: [8] Undefined index: uid D:\phpStudy\WWW\fanXing\weicmsServer\ThinkPHP\Library\Think\Controller.class.php 第 524 行.
SQL: SHOW COLUMNS FROM `kevinauth_group_access` [ RunTime:0.0056s ]
SQL: SELECT a.uid,a.group_id,g.title,g.rules FROM kevinauth_group_access a INNER JOIN kevinauth_group g on a.group_id=g.id  WHERE ( a.uid='2' and g.status='1' )  [ RunTime:0.0008s ]
SQL: SHOW COLUMNS FROM `kevinmanager_menu` [ RunTime:0.0057s ]
SQL: SELECT * FROM `kevinaddons` WHERE `status` = 1  [ RunTime:0.0011s ]
SQL: SHOW COLUMNS FROM `kevinaddons` [ RunTime:0.0063s ]
SQL: SHOW COLUMNS FROM `kevinpublic` [ RunTime:0.0064s ]
SQL: SELECT `id`,`token` FROM `kevinpublic`  [ RunTime:0.0010s ]
NOTIC: [2] Invalid argument supplied for foreach() D:\phpStudy\WWW\fanXing\weicmsServer\Application\Common\Model\PublicModel.class.php 第 31 行.
NOTIC: [8] Undefined index: addon_status D:\phpStudy\WWW\fanXing\weicmsServer\Application\Common\Model\AddonStatusModel.class.php 第 47 行.
NOTIC: [8] Undefined index: group_id D:\phpStudy\WWW\fanXing\weicmsServer\Application\Common\Model\AddonStatusModel.class.php 第 50 行.
NOTIC: [8] Undefined variable: addons D:\phpStudy\WWW\fanXing\weicmsServer\Application\Common\Common\function.php 第 501 行.
NOTIC: [8] Undefined variable: addons D:\phpStudy\WWW\fanXing\weicmsServer\Application\Common\Common\function.php 第 501 行.
NOTIC: [8] Undefined variable: addons D:\phpStudy\WWW\fanXing\weicmsServer\Application\Common\Common\function.php 第 501 行.
SQL: SELECT * FROM `kevinmanager_menu` WHERE `uid` = 2 AND `is_hide` = 0 ORDER BY sort asc, id asc  [ RunTime:0.0010s ]
SQL: SELECT * FROM `kevinmanager_menu` WHERE `uid` = 1 AND `is_hide` = 0 ORDER BY sort asc, id asc  [ RunTime:0.0010s ]
NOTIC: [8] Undefined index: core_side_menu D:\phpStudy\WWW\fanXing\weicmsServer\Application\Common\Model\ManagerMenuModel.class.php 第 116 行.
NOTIC: [8] Undefined index: core_side_menu D:\phpStudy\WWW\fanXing\weicmsServer\Application\Common\Model\ManagerMenuModel.class.php 第 116 行.
NOTIC: [8] Undefined offset: 1 D:\phpStudy\WWW\fanXing\weicmsServer\Application\Common\Model\ManagerMenuModel.class.php 第 143 行.
NOTIC: [2] Invalid argument supplied for foreach() D:\phpStudy\WWW\fanXing\weicmsServer\Application\Common\Model\ManagerMenuModel.class.php 第 176 行.
SQL: SHOW COLUMNS FROM `kevinpublic_link` [ RunTime:0.0061s ]
SQL: SELECT * FROM `kevinpublic_link` WHERE `uid` = 2  [ RunTime:0.0009s ]
NOTIC: [2] Invalid argument supplied for foreach() D:\phpStudy\WWW\fanXing\weicmsServer\Application\Common\Model\PublicModel.class.php 第 48 行.
NOTIC: [8] Undefined variable: res D:\phpStudy\WWW\fanXing\weicmsServer\Application\Common\Model\PublicModel.class.php 第 52 行.
NOTIC: [8] Undefined index: query D:\phpStudy\WWW\fanXing\weicmsServer\ThinkPHP\Common\functions.php 第 1002 行.
SQL: SHOW COLUMNS FROM `kevinmodel` [ RunTime:0.0057s ]
SQL: SELECT * FROM `kevinmodel` WHERE `name` = 'feedback' LIMIT 1   [ RunTime:0.0011s ]
SQL: SHOW COLUMNS FROM `kevinattribute` [ RunTime:0.0061s ]
SQL: SELECT `name` FROM `kevinattribute` WHERE ( model_id=1156 )  [ RunTime:0.0011s ]
SQL: SELECT * FROM `kevinmodel` WHERE `id` = 1156 LIMIT 1   [ RunTime:0.0010s ]
SQL: SHOW COLUMNS FROM `kevinfeedback` [ RunTime:0.0060s ]
SQL: SELECT `username`,`product`,`from`,`area`,`score`,`is_dev`,`cTime`,`id` FROM `kevinfeedback` ORDER BY id desc LIMIT 0,10   [ RunTime:0.0010s ]
SQL: SELECT COUNT(*) AS tp_count FROM `kevinfeedback` LIMIT 1   [ RunTime:0.0006s ]
INFO: [ view_parse ] --START--
INFO: [ template_filter ] --START--
INFO: Run Behavior\ContentReplaceBehavior [ RunTime:0.000338s ]
INFO: [ template_filter ] --END-- [ RunTime:0.000390s ]
NOTIC: [8] Use of undefined constant website_logo - assumed 'website_logo' D:\phpStudy\WWW\fanXing\weicmsServer\Runtime\Cache\Home\387e1e11b9e3bfcbf3ff3caee77639d6.php 第 58 行.
NOTIC: [8] Use of undefined constant is_audit - assumed 'is_audit' D:\phpStudy\WWW\fanXing\weicmsServer\Runtime\Cache\Home\387e1e11b9e3bfcbf3ff3caee77639d6.php 第 72 行.
NOTIC: [8] Use of undefined constant headimgurl - assumed 'headimgurl' D:\phpStudy\WWW\fanXing\weicmsServer\Runtime\Cache\Home\387e1e11b9e3bfcbf3ff3caee77639d6.php 第 82 行.
NOTIC: [8] Undefined variable: output D:\phpStudy\WWW\fanXing\weicmsServer\Application\Common\Common\function.php 第 1756 行.
NOTIC: [8] Undefined variable: del_url D:\phpStudy\WWW\fanXing\weicmsServer\Runtime\Cache\Home\387e1e11b9e3bfcbf3ff3caee77639d6.php 第 157 行.
NOTIC: [8] Use of undefined constant model - assumed 'model' D:\phpStudy\WWW\fanXing\weicmsServer\Runtime\Cache\Home\387e1e11b9e3bfcbf3ff3caee77639d6.php 第 167 行.
NOTIC: [8] Undefined variable: search_url D:\phpStudy\WWW\fanXing\weicmsServer\Runtime\Cache\Home\387e1e11b9e3bfcbf3ff3caee77639d6.php 第 167 行.
NOTIC: [8] Undefined variable: addons D:\phpStudy\WWW\fanXing\weicmsServer\Application\Common\Common\function.php 第 501 行.
SQL: SELECT * FROM `kevinattribute` WHERE `extra` !="" AND `model_id` = 1156  [ RunTime:0.0013s ]
NOTIC: [8] Undefined variable: tongji_code D:\phpStudy\WWW\fanXing\weicmsServer\Runtime\Cache\Home\387e1e11b9e3bfcbf3ff3caee77639d6.php 第 269 行.
INFO: Run Behavior\ParseTemplateBehavior [ RunTime:0.038016s ]
INFO: [ view_parse ] --END-- [ RunTime:0.038072s ]
INFO: [ view_filter ] --START--
INFO: Run Behavior\WriteHtmlCacheBehavior [ RunTime:0.000779s ]
INFO: [ view_filter ] --END-- [ RunTime:0.000898s ]
INFO: [ app_end ] --START--
INFO: Run Behavior\ShowPageTraceBehavior [ RunTime:0.000923s ]
INFO: Run Behavior\CronRunBehavior [ RunTime:0.002771s ]
INFO: [ app_end ] --END-- [ RunTime:0.003853s ]

[ 2017-01-25T19:55:47+08:00 ] ::1 /index.php?s=/addon/Cms/Cms/lists.html&mdm=366
INFO: [ app_init ] --START--
INFO: Run Behavior\BuildLiteBehavior [ RunTime:0.000011s ]
INFO: Run Common\Behavior\InitHookBehavior [ RunTime:0.001823s ]
INFO: [ app_init ] --END-- [ RunTime:0.002251s ]
INFO: [ app_begin ] --START--
INFO: Run Behavior\ReadHtmlCacheBehavior [ RunTime:0.000613s ]
INFO: [ app_begin ] --END-- [ RunTime:0.000656s ]
NOTIC: [8] Undefined index: uid D:\phpStudy\WWW\fanXing\weicmsServer\ThinkPHP\Library\Think\Controller.class.php 第 524 行.
SQL: SHOW COLUMNS FROM `kevinauth_group_access` [ RunTime:0.0049s ]
SQL: SELECT a.uid,a.group_id,g.title,g.rules FROM kevinauth_group_access a INNER JOIN kevinauth_group g on a.group_id=g.id  WHERE ( a.uid='2' and g.status='1' )  [ RunTime:0.0016s ]
SQL: SELECT `id`,`token` FROM `kevinpublic`  [ RunTime:0.0011s ]
NOTIC: [2] Invalid argument supplied for foreach() D:\phpStudy\WWW\fanXing\weicmsServer\Application\Common\Model\PublicModel.class.php 第 31 行.
NOTIC: [8] Undefined index: addon_status D:\phpStudy\WWW\fanXing\weicmsServer\Application\Common\Model\AddonStatusModel.class.php 第 47 行.
NOTIC: [8] Undefined index: group_id D:\phpStudy\WWW\fanXing\weicmsServer\Application\Common\Model\AddonStatusModel.class.php 第 50 行.
NOTIC: [8] Undefined variable: addons D:\phpStudy\WWW\fanXing\weicmsServer\Application\Common\Common\function.php 第 501 行.
NOTIC: [8] Undefined variable: addons D:\phpStudy\WWW\fanXing\weicmsServer\Application\Common\Common\function.php 第 501 行.
NOTIC: [8] Undefined variable: addons D:\phpStudy\WWW\fanXing\weicmsServer\Application\Common\Common\function.php 第 501 行.
SQL: SELECT * FROM `kevinmanager_menu` WHERE `uid` = 2 AND `is_hide` = 0 ORDER BY sort asc, id asc  [ RunTime:0.0013s ]
SQL: SELECT * FROM `kevinmanager_menu` WHERE `uid` = 1 AND `is_hide` = 0 ORDER BY sort asc, id asc  [ RunTime:0.0011s ]
NOTIC: [8] Undefined index: core_side_menu D:\phpStudy\WWW\fanXing\weicmsServer\Application\Common\Model\ManagerMenuModel.class.php 第 116 行.
NOTIC: [8] Undefined index: core_side_menu D:\phpStudy\WWW\fanXing\weicmsServer\Application\Common\Model\ManagerMenuModel.class.php 第 116 行.
NOTIC: [8] Undefined offset: 1 D:\phpStudy\WWW\fanXing\weicmsServer\Application\Common\Model\ManagerMenuModel.class.php 第 143 行.
NOTIC: [2] Invalid argument supplied for foreach() D:\phpStudy\WWW\fanXing\weicmsServer\Application\Common\Model\ManagerMenuModel.class.php 第 176 行.
SQL: SELECT * FROM `kevinpublic_link` WHERE `uid` = 2  [ RunTime:0.0012s ]
NOTIC: [2] Invalid argument supplied for foreach() D:\phpStudy\WWW\fanXing\weicmsServer\Application\Common\Model\PublicModel.class.php 第 48 行.
NOTIC: [8] Undefined variable: res D:\phpStudy\WWW\fanXing\weicmsServer\Application\Common\Model\PublicModel.class.php 第 52 行.
NOTIC: [8] Undefined index: query D:\phpStudy\WWW\fanXing\weicmsServer\ThinkPHP\Common\functions.php 第 1002 行.
SQL: SELECT * FROM `kevinmodel` WHERE `name` = 'cms' LIMIT 1   [ RunTime:0.0014s ]
SQL: SELECT `name` FROM `kevinattribute` WHERE ( model_id=1155 )  [ RunTime:0.0013s ]
SQL: SELECT * FROM `kevinmodel` WHERE `id` = 1155 LIMIT 1   [ RunTime:0.0013s ]
SQL: SHOW COLUMNS FROM `kevincms` [ RunTime:0.0058s ]
SQL: SELECT `title`,`productPrice`,`img`,`cTime`,`id` FROM `kevincms` ORDER BY id desc LIMIT 0,10   [ RunTime:0.0013s ]
SQL: SELECT COUNT(*) AS tp_count FROM `kevincms` LIMIT 1   [ RunTime:0.0009s ]
INFO: [ view_parse ] --START--
INFO: [ template_filter ] --START--
INFO: Run Behavior\ContentReplaceBehavior [ RunTime:0.000297s ]
INFO: [ template_filter ] --END-- [ RunTime:0.000341s ]
NOTIC: [8] Use of undefined constant website_logo - assumed 'website_logo' D:\phpStudy\WWW\fanXing\weicmsServer\Runtime\Cache\Home\387e1e11b9e3bfcbf3ff3caee77639d6.php 第 58 行.
NOTIC: [8] Use of undefined constant is_audit - assumed 'is_audit' D:\phpStudy\WWW\fanXing\weicmsServer\Runtime\Cache\Home\387e1e11b9e3bfcbf3ff3caee77639d6.php 第 72 行.
NOTIC: [8] Use of undefined constant headimgurl - assumed 'headimgurl' D:\phpStudy\WWW\fanXing\weicmsServer\Runtime\Cache\Home\387e1e11b9e3bfcbf3ff3caee77639d6.php 第 82 行.
NOTIC: [8] Undefined variable: output D:\phpStudy\WWW\fanXing\weicmsServer\Application\Common\Common\function.php 第 1756 行.
NOTIC: [8] Undefined variable: add_url D:\phpStudy\WWW\fanXing\weicmsServer\Runtime\Cache\Home\387e1e11b9e3bfcbf3ff3caee77639d6.php 第 156 行.
NOTIC: [8] Undefined variable: del_url D:\phpStudy\WWW\fanXing\weicmsServer\Runtime\Cache\Home\387e1e11b9e3bfcbf3ff3caee77639d6.php 第 157 行.
NOTIC: [8] Use of undefined constant model - assumed 'model' D:\phpStudy\WWW\fanXing\weicmsServer\Runtime\Cache\Home\387e1e11b9e3bfcbf3ff3caee77639d6.php 第 167 行.
NOTIC: [8] Undefined variable: search_url D:\phpStudy\WWW\fanXing\weicmsServer\Runtime\Cache\Home\387e1e11b9e3bfcbf3ff3caee77639d6.php 第 167 行.
NOTIC: [8] Undefined variable: addons D:\phpStudy\WWW\fanXing\weicmsServer\Application\Common\Common\function.php 第 501 行.
SQL: SHOW COLUMNS FROM `kevinpicture` [ RunTime:0.0070s ]
SQL: SELECT * FROM `kevinpicture` WHERE `status` = 1 AND `id` = 112 LIMIT 1   [ RunTime:0.0011s ]
NOTIC: [8] Undefined variable: thumb D:\phpStudy\WWW\fanXing\weicmsServer\Application\Common\Common\function.php 第 1071 行.
SQL: SELECT * FROM `kevinpicture` WHERE `status` = 1 AND `id` = 113 LIMIT 1   [ RunTime:0.0013s ]
NOTIC: [8] Undefined variable: thumb D:\phpStudy\WWW\fanXing\weicmsServer\Application\Common\Common\function.php 第 1071 行.
SQL: SELECT * FROM `kevinpicture` WHERE `status` = 1 AND `id` = 114 LIMIT 1   [ RunTime:0.0013s ]
NOTIC: [8] Undefined variable: thumb D:\phpStudy\WWW\fanXing\weicmsServer\Application\Common\Common\function.php 第 1071 行.
SQL: SELECT * FROM `kevinpicture` WHERE `status` = 1 AND `id` = 115 LIMIT 1   [ RunTime:0.0013s ]
NOTIC: [8] Undefined variable: thumb D:\phpStudy\WWW\fanXing\weicmsServer\Application\Common\Common\function.php 第 1071 行.
SQL: SELECT * FROM `kevinpicture` WHERE `status` = 1 AND `id` = 116 LIMIT 1   [ RunTime:0.0014s ]
NOTIC: [8] Undefined variable: thumb D:\phpStudy\WWW\fanXing\weicmsServer\Application\Common\Common\function.php 第 1071 行.
SQL: SELECT * FROM `kevinpicture` WHERE `status` = 1 AND `id` = 117 LIMIT 1   [ RunTime:0.0013s ]
NOTIC: [8] Undefined variable: thumb D:\phpStudy\WWW\fanXing\weicmsServer\Application\Common\Common\function.php 第 1071 行.
SQL: SELECT * FROM `kevinpicture` WHERE `status` = 1 AND `id` = 118 LIMIT 1   [ RunTime:0.0015s ]
NOTIC: [8] Undefined variable: thumb D:\phpStudy\WWW\fanXing\weicmsServer\Application\Common\Common\function.php 第 1071 行.
SQL: SELECT * FROM `kevinpicture` WHERE `status` = 1 AND `id` = 119 LIMIT 1   [ RunTime:0.0014s ]
NOTIC: [8] Undefined variable: thumb D:\phpStudy\WWW\fanXing\weicmsServer\Application\Common\Common\function.php 第 1071 行.
SQL: SELECT * FROM `kevinpicture` WHERE `status` = 1 AND `id` = 120 LIMIT 1   [ RunTime:0.0012s ]
NOTIC: [8] Undefined variable: thumb D:\phpStudy\WWW\fanXing\weicmsServer\Application\Common\Common\function.php 第 1071 行.
SQL: SELECT * FROM `kevinpicture` WHERE `status` = 1 AND `id` = 121 LIMIT 1   [ RunTime:0.0014s ]
NOTIC: [8] Undefined variable: thumb D:\phpStudy\WWW\fanXing\weicmsServer\Application\Common\Common\function.php 第 1071 行.
NOTIC: [8] Undefined variable: tongji_code D:\phpStudy\WWW\fanXing\weicmsServer\Runtime\Cache\Home\387e1e11b9e3bfcbf3ff3caee77639d6.php 第 269 行.
INFO: Run Behavior\ParseTemplateBehavior [ RunTime:0.080081s ]
INFO: [ view_parse ] --END-- [ RunTime:0.080155s ]
INFO: [ view_filter ] --START--
INFO: Run Behavior\WriteHtmlCacheBehavior [ RunTime:0.000488s ]
INFO: [ view_filter ] --END-- [ RunTime:0.000530s ]
INFO: [ app_end ] --START--
INFO: Run Behavior\ShowPageTraceBehavior [ RunTime:0.000658s ]
INFO: Run Behavior\CronRunBehavior [ RunTime:0.002319s ]
INFO: [ app_end ] --END-- [ RunTime:0.003072s ]

[ 2017-01-25T19:56:03+08:00 ] ::1 /index.php?s=/addon/Cms/Cms/lists/mdm/366/model/cms.html&title=61003
INFO: [ app_init ] --START--
INFO: Run Behavior\BuildLiteBehavior [ RunTime:0.000015s ]
INFO: Run Common\Behavior\InitHookBehavior [ RunTime:0.002810s ]
INFO: [ app_init ] --END-- [ RunTime:0.003396s ]
INFO: [ app_begin ] --START--
INFO: Run Behavior\ReadHtmlCacheBehavior [ RunTime:0.000492s ]
INFO: [ app_begin ] --END-- [ RunTime:0.000529s ]
NOTIC: [8] Undefined index: uid D:\phpStudy\WWW\fanXing\weicmsServer\ThinkPHP\Library\Think\Controller.class.php 第 524 行.
SQL: SHOW COLUMNS FROM `kevinauth_group_access` [ RunTime:0.0064s ]
SQL: SELECT a.uid,a.group_id,g.title,g.rules FROM kevinauth_group_access a INNER JOIN kevinauth_group g on a.group_id=g.id  WHERE ( a.uid='2' and g.status='1' )  [ RunTime:0.0008s ]
SQL: SELECT `id`,`token` FROM `kevinpublic`  [ RunTime:0.0010s ]
NOTIC: [2] Invalid argument supplied for foreach() D:\phpStudy\WWW\fanXing\weicmsServer\Application\Common\Model\PublicModel.class.php 第 31 行.
NOTIC: [8] Undefined index: addon_status D:\phpStudy\WWW\fanXing\weicmsServer\Application\Common\Model\AddonStatusModel.class.php 第 47 行.
NOTIC: [8] Undefined index: group_id D:\phpStudy\WWW\fanXing\weicmsServer\Application\Common\Model\AddonStatusModel.class.php 第 50 行.
NOTIC: [8] Undefined variable: addons D:\phpStudy\WWW\fanXing\weicmsServer\Application\Common\Common\function.php 第 501 行.
NOTIC: [8] Undefined variable: addons D:\phpStudy\WWW\fanXing\weicmsServer\Application\Common\Common\function.php 第 501 行.
NOTIC: [8] Undefined variable: addons D:\phpStudy\WWW\fanXing\weicmsServer\Application\Common\Common\function.php 第 501 行.
SQL: SELECT * FROM `kevinmanager_menu` WHERE `uid` = 2 AND `is_hide` = 0 ORDER BY sort asc, id asc  [ RunTime:0.0012s ]
SQL: SELECT * FROM `kevinmanager_menu` WHERE `uid` = 1 AND `is_hide` = 0 ORDER BY sort asc, id asc  [ RunTime:0.0011s ]
NOTIC: [8] Undefined index: core_side_menu D:\phpStudy\WWW\fanXing\weicmsServer\Application\Common\Model\ManagerMenuModel.class.php 第 116 行.
NOTIC: [8] Undefined index: core_side_menu D:\phpStudy\WWW\fanXing\weicmsServer\Application\Common\Model\ManagerMenuModel.class.php 第 116 行.
NOTIC: [8] Undefined offset: 1 D:\phpStudy\WWW\fanXing\weicmsServer\Application\Common\Model\ManagerMenuModel.class.php 第 143 行.
NOTIC: [2] Invalid argument supplied for foreach() D:\phpStudy\WWW\fanXing\weicmsServer\Application\Common\Model\ManagerMenuModel.class.php 第 176 行.
SQL: SELECT * FROM `kevinpublic_link` WHERE `uid` = 2  [ RunTime:0.0008s ]
NOTIC: [2] Invalid argument supplied for foreach() D:\phpStudy\WWW\fanXing\weicmsServer\Application\Common\Model\PublicModel.class.php 第 48 行.
NOTIC: [8] Undefined variable: res D:\phpStudy\WWW\fanXing\weicmsServer\Application\Common\Model\PublicModel.class.php 第 52 行.
NOTIC: [8] Undefined index: query D:\phpStudy\WWW\fanXing\weicmsServer\ThinkPHP\Common\functions.php 第 1002 行.
SQL: SELECT `name` FROM `kevinattribute` WHERE ( model_id=1155 )  [ RunTime:0.0010s ]
SQL: SELECT * FROM `kevinmodel` WHERE `id` = 1155 LIMIT 1   [ RunTime:0.0010s ]
SQL: SELECT `title`,`productPrice`,`img`,`cTime`,`id` FROM `kevincms` WHERE `title` LIKE '%61003%' ORDER BY id desc LIMIT 0,10   [ RunTime:0.0009s ]
SQL: SELECT COUNT(*) AS tp_count FROM `kevincms` WHERE `title` LIKE '%61003%' LIMIT 1   [ RunTime:0.0007s ]
INFO: [ view_parse ] --START--
INFO: [ template_filter ] --START--
INFO: Run Behavior\ContentReplaceBehavior [ RunTime:0.000306s ]
INFO: [ template_filter ] --END-- [ RunTime:0.000382s ]
NOTIC: [8] Use of undefined constant website_logo - assumed 'website_logo' D:\phpStudy\WWW\fanXing\weicmsServer\Runtime\Cache\Home\387e1e11b9e3bfcbf3ff3caee77639d6.php 第 58 行.
NOTIC: [8] Use of undefined constant is_audit - assumed 'is_audit' D:\phpStudy\WWW\fanXing\weicmsServer\Runtime\Cache\Home\387e1e11b9e3bfcbf3ff3caee77639d6.php 第 72 行.
NOTIC: [8] Use of undefined constant headimgurl - assumed 'headimgurl' D:\phpStudy\WWW\fanXing\weicmsServer\Runtime\Cache\Home\387e1e11b9e3bfcbf3ff3caee77639d6.php 第 82 行.
NOTIC: [8] Undefined variable: output D:\phpStudy\WWW\fanXing\weicmsServer\Application\Common\Common\function.php 第 1756 行.
NOTIC: [8] Undefined variable: add_url D:\phpStudy\WWW\fanXing\weicmsServer\Runtime\Cache\Home\387e1e11b9e3bfcbf3ff3caee77639d6.php 第 156 行.
NOTIC: [8] Undefined variable: del_url D:\phpStudy\WWW\fanXing\weicmsServer\Runtime\Cache\Home\387e1e11b9e3bfcbf3ff3caee77639d6.php 第 157 行.
NOTIC: [8] Use of undefined constant model - assumed 'model' D:\phpStudy\WWW\fanXing\weicmsServer\Runtime\Cache\Home\387e1e11b9e3bfcbf3ff3caee77639d6.php 第 167 行.
NOTIC: [8] Undefined variable: search_url D:\phpStudy\WWW\fanXing\weicmsServer\Runtime\Cache\Home\387e1e11b9e3bfcbf3ff3caee77639d6.php 第 167 行.
NOTIC: [8] Undefined variable: addons D:\phpStudy\WWW\fanXing\weicmsServer\Application\Common\Common\function.php 第 501 行.
NOTIC: [8] Undefined variable: thumb D:\phpStudy\WWW\fanXing\weicmsServer\Application\Common\Common\function.php 第 1071 行.
NOTIC: [8] Undefined variable: tongji_code D:\phpStudy\WWW\fanXing\weicmsServer\Runtime\Cache\Home\387e1e11b9e3bfcbf3ff3caee77639d6.php 第 269 行.
INFO: Run Behavior\ParseTemplateBehavior [ RunTime:0.038931s ]
INFO: [ view_parse ] --END-- [ RunTime:0.038993s ]
INFO: [ view_filter ] --START--
INFO: Run Behavior\WriteHtmlCacheBehavior [ RunTime:0.000490s ]
INFO: [ view_filter ] --END-- [ RunTime:0.000527s ]
INFO: [ app_end ] --START--
INFO: Run Behavior\ShowPageTraceBehavior [ RunTime:0.000497s ]
INFO: Run Behavior\CronRunBehavior [ RunTime:0.003383s ]
INFO: [ app_end ] --END-- [ RunTime:0.003963s ]

[ 2017-01-25T19:56:09+08:00 ] ::1 /index.php?s=/addon/Cms/Cms/lists/mdm/366/model/cms/title/61003.html&title=1211
INFO: [ app_init ] --START--
INFO: Run Behavior\BuildLiteBehavior [ RunTime:0.000011s ]
INFO: Run Common\Behavior\InitHookBehavior [ RunTime:0.002351s ]
INFO: [ app_init ] --END-- [ RunTime:0.002850s ]
INFO: [ app_begin ] --START--
INFO: Run Behavior\ReadHtmlCacheBehavior [ RunTime:0.000441s ]
INFO: [ app_begin ] --END-- [ RunTime:0.000470s ]
NOTIC: [8] Undefined index: uid D:\phpStudy\WWW\fanXing\weicmsServer\ThinkPHP\Library\Think\Controller.class.php 第 524 行.
SQL: SHOW COLUMNS FROM `kevinauth_group_access` [ RunTime:0.0051s ]
SQL: SELECT a.uid,a.group_id,g.title,g.rules FROM kevinauth_group_access a INNER JOIN kevinauth_group g on a.group_id=g.id  WHERE ( a.uid='2' and g.status='1' )  [ RunTime:0.0006s ]
SQL: SELECT `id`,`token` FROM `kevinpublic`  [ RunTime:0.0010s ]
NOTIC: [2] Invalid argument supplied for foreach() D:\phpStudy\WWW\fanXing\weicmsServer\Application\Common\Model\PublicModel.class.php 第 31 行.
NOTIC: [8] Undefined index: addon_status D:\phpStudy\WWW\fanXing\weicmsServer\Application\Common\Model\AddonStatusModel.class.php 第 47 行.
NOTIC: [8] Undefined index: group_id D:\phpStudy\WWW\fanXing\weicmsServer\Application\Common\Model\AddonStatusModel.class.php 第 50 行.
NOTIC: [8] Undefined variable: addons D:\phpStudy\WWW\fanXing\weicmsServer\Application\Common\Common\function.php 第 501 行.
NOTIC: [8] Undefined variable: addons D:\phpStudy\WWW\fanXing\weicmsServer\Application\Common\Common\function.php 第 501 行.
NOTIC: [8] Undefined variable: addons D:\phpStudy\WWW\fanXing\weicmsServer\Application\Common\Common\function.php 第 501 行.
SQL: SELECT * FROM `kevinmanager_menu` WHERE `uid` = 2 AND `is_hide` = 0 ORDER BY sort asc, id asc  [ RunTime:0.0009s ]
SQL: SELECT * FROM `kevinmanager_menu` WHERE `uid` = 1 AND `is_hide` = 0 ORDER BY sort asc, id asc  [ RunTime:0.0006s ]
NOTIC: [8] Undefined index: core_side_menu D:\phpStudy\WWW\fanXing\weicmsServer\Application\Common\Model\ManagerMenuModel.class.php 第 116 行.
NOTIC: [8] Undefined index: core_side_menu D:\phpStudy\WWW\fanXing\weicmsServer\Application\Common\Model\ManagerMenuModel.class.php 第 116 行.
NOTIC: [8] Undefined offset: 1 D:\phpStudy\WWW\fanXing\weicmsServer\Application\Common\Model\ManagerMenuModel.class.php 第 143 行.
NOTIC: [2] Invalid argument supplied for foreach() D:\phpStudy\WWW\fanXing\weicmsServer\Application\Common\Model\ManagerMenuModel.class.php 第 176 行.
SQL: SELECT * FROM `kevinpublic_link` WHERE `uid` = 2  [ RunTime:0.0005s ]
NOTIC: [2] Invalid argument supplied for foreach() D:\phpStudy\WWW\fanXing\weicmsServer\Application\Common\Model\PublicModel.class.php 第 48 行.
NOTIC: [8] Undefined variable: res D:\phpStudy\WWW\fanXing\weicmsServer\Application\Common\Model\PublicModel.class.php 第 52 行.
NOTIC: [8] Undefined index: query D:\phpStudy\WWW\fanXing\weicmsServer\ThinkPHP\Common\functions.php 第 1002 行.
SQL: SELECT `name` FROM `kevinattribute` WHERE ( model_id=1155 )  [ RunTime:0.0007s ]
SQL: SELECT * FROM `kevinmodel` WHERE `id` = 1155 LIMIT 1   [ RunTime:0.0006s ]
SQL: SELECT `title`,`productPrice`,`img`,`cTime`,`id` FROM `kevincms` WHERE `title` LIKE '%1211%' ORDER BY id desc LIMIT 0,10   [ RunTime:0.0005s ]
SQL: SELECT COUNT(*) AS tp_count FROM `kevincms` WHERE `title` LIKE '%1211%' LIMIT 1   [ RunTime:0.0004s ]
INFO: [ view_parse ] --START--
INFO: [ template_filter ] --START--
INFO: Run Behavior\ContentReplaceBehavior [ RunTime:0.000286s ]
INFO: [ template_filter ] --END-- [ RunTime:0.000332s ]
NOTIC: [8] Use of undefined constant website_logo - assumed 'website_logo' D:\phpStudy\WWW\fanXing\weicmsServer\Runtime\Cache\Home\387e1e11b9e3bfcbf3ff3caee77639d6.php 第 58 行.
NOTIC: [8] Use of undefined constant is_audit - assumed 'is_audit' D:\phpStudy\WWW\fanXing\weicmsServer\Runtime\Cache\Home\387e1e11b9e3bfcbf3ff3caee77639d6.php 第 72 行.
NOTIC: [8] Use of undefined constant headimgurl - assumed 'headimgurl' D:\phpStudy\WWW\fanXing\weicmsServer\Runtime\Cache\Home\387e1e11b9e3bfcbf3ff3caee77639d6.php 第 82 行.
NOTIC: [8] Undefined variable: output D:\phpStudy\WWW\fanXing\weicmsServer\Application\Common\Common\function.php 第 1756 行.
NOTIC: [8] Undefined variable: add_url D:\phpStudy\WWW\fanXing\weicmsServer\Runtime\Cache\Home\387e1e11b9e3bfcbf3ff3caee77639d6.php 第 156 行.
NOTIC: [8] Undefined variable: del_url D:\phpStudy\WWW\fanXing\weicmsServer\Runtime\Cache\Home\387e1e11b9e3bfcbf3ff3caee77639d6.php 第 157 行.
NOTIC: [8] Use of undefined constant model - assumed 'model' D:\phpStudy\WWW\fanXing\weicmsServer\Runtime\Cache\Home\387e1e11b9e3bfcbf3ff3caee77639d6.php 第 167 行.
NOTIC: [8] Undefined variable: search_url D:\phpStudy\WWW\fanXing\weicmsServer\Runtime\Cache\Home\387e1e11b9e3bfcbf3ff3caee77639d6.php 第 167 行.
NOTIC: [8] Undefined variable: addons D:\phpStudy\WWW\fanXing\weicmsServer\Application\Common\Common\function.php 第 501 行.
NOTIC: [8] Undefined variable: tongji_code D:\phpStudy\WWW\fanXing\weicmsServer\Runtime\Cache\Home\387e1e11b9e3bfcbf3ff3caee77639d6.php 第 269 行.
INFO: Run Behavior\ParseTemplateBehavior [ RunTime:0.034275s ]
INFO: [ view_parse ] --END-- [ RunTime:0.034321s ]
INFO: [ view_filter ] --START--
INFO: Run Behavior\WriteHtmlCacheBehavior [ RunTime:0.000431s ]
INFO: [ view_filter ] --END-- [ RunTime:0.000472s ]
INFO: [ app_end ] --START--
INFO: Run Behavior\ShowPageTraceBehavior [ RunTime:0.000609s ]
INFO: Run Behavior\CronRunBehavior [ RunTime:0.004337s ]
INFO: [ app_end ] --END-- [ RunTime:0.005073s ]

[ 2017-01-25T19:56:12+08:00 ] ::1 /index.php?s=/addon/Cms/Cms/lists/mdm/366/model/cms/title/1211.html&title=
INFO: [ app_init ] --START--
INFO: Run Behavior\BuildLiteBehavior [ RunTime:0.000016s ]
INFO: Run Common\Behavior\InitHookBehavior [ RunTime:0.001882s ]
INFO: [ app_init ] --END-- [ RunTime:0.002428s ]
INFO: [ app_begin ] --START--
INFO: Run Behavior\ReadHtmlCacheBehavior [ RunTime:0.000499s ]
INFO: [ app_begin ] --END-- [ RunTime:0.000553s ]
NOTIC: [8] Undefined index: uid D:\phpStudy\WWW\fanXing\weicmsServer\ThinkPHP\Library\Think\Controller.class.php 第 524 行.
SQL: SHOW COLUMNS FROM `kevinauth_group_access` [ RunTime:0.0060s ]
SQL: SELECT a.uid,a.group_id,g.title,g.rules FROM kevinauth_group_access a INNER JOIN kevinauth_group g on a.group_id=g.id  WHERE ( a.uid='2' and g.status='1' )  [ RunTime:0.0012s ]
SQL: SELECT `id`,`token` FROM `kevinpublic`  [ RunTime:0.0011s ]
NOTIC: [2] Invalid argument supplied for foreach() D:\phpStudy\WWW\fanXing\weicmsServer\Application\Common\Model\PublicModel.class.php 第 31 行.
NOTIC: [8] Undefined index: addon_status D:\phpStudy\WWW\fanXing\weicmsServer\Application\Common\Model\AddonStatusModel.class.php 第 47 行.
NOTIC: [8] Undefined index: group_id D:\phpStudy\WWW\fanXing\weicmsServer\Application\Common\Model\AddonStatusModel.class.php 第 50 行.
NOTIC: [8] Undefined variable: addons D:\phpStudy\WWW\fanXing\weicmsServer\Application\Common\Common\function.php 第 501 行.
NOTIC: [8] Undefined variable: addons D:\phpStudy\WWW\fanXing\weicmsServer\Application\Common\Common\function.php 第 501 行.
NOTIC: [8] Undefined variable: addons D:\phpStudy\WWW\fanXing\weicmsServer\Application\Common\Common\function.php 第 501 行.
SQL: SELECT * FROM `kevinmanager_menu` WHERE `uid` = 2 AND `is_hide` = 0 ORDER BY sort asc, id asc  [ RunTime:0.0015s ]
SQL: SELECT * FROM `kevinmanager_menu` WHERE `uid` = 1 AND `is_hide` = 0 ORDER BY sort asc, id asc  [ RunTime:0.0016s ]
NOTIC: [8] Undefined index: core_side_menu D:\phpStudy\WWW\fanXing\weicmsServer\Application\Common\Model\ManagerMenuModel.class.php 第 116 行.
NOTIC: [8] Undefined index: core_side_menu D:\phpStudy\WWW\fanXing\weicmsServer\Application\Common\Model\ManagerMenuModel.class.php 第 116 行.
NOTIC: [8] Undefined offset: 1 D:\phpStudy\WWW\fanXing\weicmsServer\Application\Common\Model\ManagerMenuModel.class.php 第 143 行.
NOTIC: [2] Invalid argument supplied for foreach() D:\phpStudy\WWW\fanXing\weicmsServer\Application\Common\Model\ManagerMenuModel.class.php 第 176 行.
SQL: SELECT * FROM `kevinpublic_link` WHERE `uid` = 2  [ RunTime:0.0012s ]
NOTIC: [2] Invalid argument supplied for foreach() D:\phpStudy\WWW\fanXing\weicmsServer\Application\Common\Model\PublicModel.class.php 第 48 行.
NOTIC: [8] Undefined variable: res D:\phpStudy\WWW\fanXing\weicmsServer\Application\Common\Model\PublicModel.class.php 第 52 行.
NOTIC: [8] Undefined index: query D:\phpStudy\WWW\fanXing\weicmsServer\ThinkPHP\Common\functions.php 第 1002 行.
SQL: SELECT `name` FROM `kevinattribute` WHERE ( model_id=1155 )  [ RunTime:0.0013s ]
SQL: SELECT * FROM `kevinmodel` WHERE `id` = 1155 LIMIT 1   [ RunTime:0.0012s ]
SQL: SELECT `title`,`productPrice`,`img`,`cTime`,`id` FROM `kevincms` WHERE `title` LIKE '%%' ORDER BY id desc LIMIT 0,10   [ RunTime:0.0012s ]
SQL: SELECT COUNT(*) AS tp_count FROM `kevincms` WHERE `title` LIKE '%%' LIMIT 1   [ RunTime:0.0009s ]
INFO: [ view_parse ] --START--
INFO: [ template_filter ] --START--
INFO: Run Behavior\ContentReplaceBehavior [ RunTime:0.000406s ]
INFO: [ template_filter ] --END-- [ RunTime:0.000463s ]
NOTIC: [8] Use of undefined constant website_logo - assumed 'website_logo' D:\phpStudy\WWW\fanXing\weicmsServer\Runtime\Cache\Home\387e1e11b9e3bfcbf3ff3caee77639d6.php 第 58 行.
NOTIC: [8] Use of undefined constant is_audit - assumed 'is_audit' D:\phpStudy\WWW\fanXing\weicmsServer\Runtime\Cache\Home\387e1e11b9e3bfcbf3ff3caee77639d6.php 第 72 行.
NOTIC: [8] Use of undefined constant headimgurl - assumed 'headimgurl' D:\phpStudy\WWW\fanXing\weicmsServer\Runtime\Cache\Home\387e1e11b9e3bfcbf3ff3caee77639d6.php 第 82 行.
NOTIC: [8] Undefined variable: output D:\phpStudy\WWW\fanXing\weicmsServer\Application\Common\Common\function.php 第 1756 行.
NOTIC: [8] Undefined variable: add_url D:\phpStudy\WWW\fanXing\weicmsServer\Runtime\Cache\Home\387e1e11b9e3bfcbf3ff3caee77639d6.php 第 156 行.
NOTIC: [8] Undefined variable: del_url D:\phpStudy\WWW\fanXing\weicmsServer\Runtime\Cache\Home\387e1e11b9e3bfcbf3ff3caee77639d6.php 第 157 行.
NOTIC: [8] Use of undefined constant model - assumed 'model' D:\phpStudy\WWW\fanXing\weicmsServer\Runtime\Cache\Home\387e1e11b9e3bfcbf3ff3caee77639d6.php 第 167 行.
NOTIC: [8] Undefined variable: search_url D:\phpStudy\WWW\fanXing\weicmsServer\Runtime\Cache\Home\387e1e11b9e3bfcbf3ff3caee77639d6.php 第 167 行.
NOTIC: [8] Undefined variable: addons D:\phpStudy\WWW\fanXing\weicmsServer\Application\Common\Common\function.php 第 501 行.
NOTIC: [8] Undefined variable: thumb D:\phpStudy\WWW\fanXing\weicmsServer\Application\Common\Common\function.php 第 1071 行.
NOTIC: [8] Undefined variable: thumb D:\phpStudy\WWW\fanXing\weicmsServer\Application\Common\Common\function.php 第 1071 行.
NOTIC: [8] Undefined variable: thumb D:\phpStudy\WWW\fanXing\weicmsServer\Application\Common\Common\function.php 第 1071 行.
NOTIC: [8] Undefined variable: thumb D:\phpStudy\WWW\fanXing\weicmsServer\Application\Common\Common\function.php 第 1071 行.
NOTIC: [8] Undefined variable: thumb D:\phpStudy\WWW\fanXing\weicmsServer\Application\Common\Common\function.php 第 1071 行.
NOTIC: [8] Undefined variable: thumb D:\phpStudy\WWW\fanXing\weicmsServer\Application\Common\Common\function.php 第 1071 行.
NOTIC: [8] Undefined variable: thumb D:\phpStudy\WWW\fanXing\weicmsServer\Application\Common\Common\function.php 第 1071 行.
NOTIC: [8] Undefined variable: thumb D:\phpStudy\WWW\fanXing\weicmsServer\Application\Common\Common\function.php 第 1071 行.
NOTIC: [8] Undefined variable: thumb D:\phpStudy\WWW\fanXing\weicmsServer\Application\Common\Common\function.php 第 1071 行.
NOTIC: [8] Undefined variable: thumb D:\phpStudy\WWW\fanXing\weicmsServer\Application\Common\Common\function.php 第 1071 行.
NOTIC: [8] Undefined variable: tongji_code D:\phpStudy\WWW\fanXing\weicmsServer\Runtime\Cache\Home\387e1e11b9e3bfcbf3ff3caee77639d6.php 第 269 行.
INFO: Run Behavior\ParseTemplateBehavior [ RunTime:0.046142s ]
INFO: [ view_parse ] --END-- [ RunTime:0.046190s ]
INFO: [ view_filter ] --START--
INFO: Run Behavior\WriteHtmlCacheBehavior [ RunTime:0.000505s ]
INFO: [ view_filter ] --END-- [ RunTime:0.000553s ]
INFO: [ app_end ] --START--
INFO: Run Behavior\ShowPageTraceBehavior [ RunTime:0.000788s ]
INFO: Run Behavior\CronRunBehavior [ RunTime:0.002551s ]
INFO: [ app_end ] --END-- [ RunTime:0.003441s ]

