[ 2017-01-25T19:54:30+08:00 ] ::1 /index.php?s=/Admin/Update/delcache.html
INFO: [ app_init ] --START--
INFO: Run Behavior\BuildLiteBehavior [ RunTime:0.000011s ]
SQL: SHOW COLUMNS FROM `kevinhooks` [ RunTime:0.0059s ]
SQL: SELECT `name`,`addons` FROM `kevinhooks`  [ RunTime:0.0012s ]
SQL: SHOW COLUMNS FROM `kevinaddons` [ RunTime:0.0064s ]
SQL: SELECT `id`,`name` FROM `kevinaddons` WHERE `status` = 1 AND `name` IN ('ReturnTop')  [ RunTime:0.0013s ]
SQL: SHOW COLUMNS FROM `kevinplugin` [ RunTime:0.0068s ]
SQL: SELECT `id`,`name` FROM `kevinplugin` WHERE `status` = 1 AND `name` IN ('ReturnTop')  [ RunTime:0.0017s ]
SQL: SELECT `id`,`name` FROM `kevinaddons` WHERE `status` = 1 AND `name` IN ('SocialComment')  [ RunTime:0.0013s ]
SQL: SELECT `id`,`name` FROM `kevinplugin` WHERE `status` = 1 AND `name` IN ('SocialComment')  [ RunTime:0.0010s ]
SQL: SELECT `id`,`name` FROM `kevinaddons` WHERE `status` = 1 AND `name` IN ('Editor')  [ RunTime:0.0011s ]
SQL: SELECT `id`,`name` FROM `kevinplugin` WHERE `status` = 1 AND `name` IN ('Editor')  [ RunTime:0.0009s ]
SQL: SELECT `id`,`name` FROM `kevinaddons` WHERE `status` = 1 AND `name` IN ('EditorForAdmin')  [ RunTime:0.0012s ]
SQL: SELECT `id`,`name` FROM `kevinplugin` WHERE `status` = 1 AND `name` IN ('EditorForAdmin')  [ RunTime:0.0011s ]
SQL: SELECT `id`,`name` FROM `kevinaddons` WHERE `status` = 1 AND `name` IN ('SiteStat','SystemInfo','DevTeam')  [ RunTime:0.0012s ]
SQL: SELECT `id`,`name` FROM `kevinplugin` WHERE `status` = 1 AND `name` IN ('SiteStat','SystemInfo','DevTeam')  [ RunTime:0.0013s ]
SQL: SELECT `id`,`name` FROM `kevinaddons` WHERE `status` = 1 AND `name` IN ('Editor')  [ RunTime:0.0027s ]
SQL: SELECT `id`,`name` FROM `kevinplugin` WHERE `status` = 1 AND `name` IN ('Editor')  [ RunTime:0.0014s ]
SQL: SELECT `id`,`name` FROM `kevinaddons` WHERE `status` = 1 AND `name` IN ('Hitegg','Diy','ShopCoupon','Wuguai','YaoTV','Analysis','Cms','Feedback','UserCenter')  [ RunTime:0.0013s ]
SQL: SELECT `id`,`name` FROM `kevinplugin` WHERE `status` = 1 AND `name` IN ('Hitegg','Diy','ShopCoupon','Wuguai','YaoTV','Analysis','Cms','Feedback','UserCenter')  [ RunTime:0.0013s ]
SQL: SELECT `id`,`name` FROM `kevinaddons` WHERE `status` = 1 AND `name` IN ('Cascade')  [ RunTime:0.0011s ]
SQL: SELECT `id`,`name` FROM `kevinplugin` WHERE `status` = 1 AND `name` IN ('Cascade')  [ RunTime:0.0010s ]
SQL: SELECT `id`,`name` FROM `kevinaddons` WHERE `status` = 1 AND `name` IN ('Diy')  [ RunTime:0.0011s ]
SQL: SELECT `id`,`name` FROM `kevinplugin` WHERE `status` = 1 AND `name` IN ('Diy')  [ RunTime:0.0012s ]
SQL: SELECT `id`,`name` FROM `kevinaddons` WHERE `status` = 1 AND `name` IN ('DynamicSelect')  [ RunTime:0.0014s ]
SQL: SELECT `id`,`name` FROM `kevinplugin` WHERE `status` = 1 AND `name` IN ('DynamicSelect')  [ RunTime:0.0024s ]
SQL: SELECT `id`,`name` FROM `kevinaddons` WHERE `status` = 1 AND `name` IN ('News')  [ RunTime:0.0037s ]
SQL: SELECT `id`,`name` FROM `kevinplugin` WHERE `status` = 1 AND `name` IN ('News')  [ RunTime:0.0013s ]
SQL: SELECT `id`,`name` FROM `kevinaddons` WHERE `status` = 1 AND `name` IN ('DynamicCheckbox')  [ RunTime:0.0011s ]
SQL: SELECT `id`,`name` FROM `kevinplugin` WHERE `status` = 1 AND `name` IN ('DynamicCheckbox')  [ RunTime:0.0011s ]
SQL: SELECT `id`,`name` FROM `kevinaddons` WHERE `status` = 1 AND `name` IN ('Material')  [ RunTime:0.0010s ]
SQL: SELECT `id`,`name` FROM `kevinplugin` WHERE `status` = 1 AND `name` IN ('Material')  [ RunTime:0.0010s ]
SQL: SELECT `id`,`name` FROM `kevinaddons` WHERE `status` = 1 AND `name` IN ('Prize')  [ RunTime:0.0015s ]
SQL: SELECT `id`,`name` FROM `kevinplugin` WHERE `status` = 1 AND `name` IN ('Prize')  [ RunTime:0.0020s ]
INFO: Run Common\Behavior\InitHookBehavior [ RunTime:0.090390s ]
INFO: [ app_init ] --END-- [ RunTime:0.090841s ]
INFO: [ app_begin ] --START--
INFO: Run Behavior\ReadHtmlCacheBehavior [ RunTime:0.000731s ]
INFO: [ app_begin ] --END-- [ RunTime:0.000801s ]
SQL: SHOW COLUMNS FROM `kevinconfig` [ RunTime:0.0067s ]
SQL: SELECT `type`,`name`,`value` FROM `kevinconfig` WHERE `status` = 1  [ RunTime:0.0012s ]
SQL: SHOW COLUMNS FROM `kevinuser` [ RunTime:0.0064s ]
SQL: SELECT * FROM `kevinuser` WHERE `uid` = 1 LIMIT 1   [ RunTime:0.0016s ]
SQL: SHOW COLUMNS FROM `kevinmanager` [ RunTime:0.0061s ]
SQL: SELECT `uid`,`has_public`,`headface_url`,`GammaAppId`,`GammaSecret`,`copy_right`,`tongji_code`,`website_logo` FROM `kevinmanager` WHERE ( uid='1' ) LIMIT 1   [ RunTime:0.0010s ]
SQL: SHOW COLUMNS FROM `kevinauth_group_access` [ RunTime:0.0072s ]
SQL: SELECT a.group_id,g.title,g.type,g.icon FROM kevinauth_group_access a INNER JOIN kevinauth_group g on a.group_id=g.id  WHERE ( a.uid='1' and g.status='1' )  [ RunTime:0.0014s ]
SQL: SHOW COLUMNS FROM `kevinpublic_follow` [ RunTime:0.0068s ]
SQL: SELECT `openid`,`token`,`uid`,`has_subscribe`,`syc_status`,`remark` FROM `kevinpublic_follow` WHERE ( uid='1' )  [ RunTime:0.0010s ]
NOTIC: [2] Invalid argument supplied for foreach() D:\phpStudy\WWW\fanXing\weicmsServer\Application\Common\Model\UserModel.class.php 第 251 行.
NOTIC: [8] Undefined index:  D:\phpStudy\WWW\fanXing\weicmsServer\Application\Common\Model\UserModel.class.php 第 271 行.
NOTIC: [8] Undefined index:  D:\phpStudy\WWW\fanXing\weicmsServer\Application\Common\Model\UserModel.class.php 第 272 行.
NOTIC: [8192] preg_replace(): The /e modifier is deprecated, use preg_replace_callback instead D:\phpStudy\WWW\fanXing\weicmsServer\Application\Common\Common\function.php 第 3285 行.
NOTIC: [8] Undefined variable: txt D:\phpStudy\WWW\fanXing\weicmsServer\Application\Common\Common\function.php 第 3294 行.
SQL: SHOW COLUMNS FROM `kevinuser_tag_link` [ RunTime:0.0066s ]
SQL: SELECT `tag_id` FROM `kevinuser_tag_link` WHERE `uid` = 1  [ RunTime:0.0010s ]
NOTIC: [8] Undefined index: uid D:\phpStudy\WWW\fanXing\weicmsServer\ThinkPHP\Library\Think\Controller.class.php 第 524 行.
SQL: SHOW COLUMNS FROM `kevinmanager_menu` [ RunTime:0.0062s ]
SQL: SELECT * FROM `kevinaddons` WHERE `status` = 1  [ RunTime:0.0012s ]
SQL: SHOW COLUMNS FROM `kevinaddons` [ RunTime:0.0053s ]
SQL: SHOW COLUMNS FROM `kevinpublic` [ RunTime:0.0081s ]
SQL: SELECT `id`,`token` FROM `kevinpublic`  [ RunTime:0.0011s ]
NOTIC: [2] Invalid argument supplied for foreach() D:\phpStudy\WWW\fanXing\weicmsServer\Application\Common\Model\PublicModel.class.php 第 31 行.
NOTIC: [8] Undefined index: addon_status D:\phpStudy\WWW\fanXing\weicmsServer\Application\Common\Model\AddonStatusModel.class.php 第 47 行.
NOTIC: [8] Undefined index: group_id D:\phpStudy\WWW\fanXing\weicmsServer\Application\Common\Model\AddonStatusModel.class.php 第 50 行.
NOTIC: [8] Undefined variable: addons D:\phpStudy\WWW\fanXing\weicmsServer\Application\Common\Common\function.php 第 501 行.
NOTIC: [8] Undefined variable: addons D:\phpStudy\WWW\fanXing\weicmsServer\Application\Common\Common\function.php 第 501 行.
NOTIC: [8] Undefined variable: addons D:\phpStudy\WWW\fanXing\weicmsServer\Application\Common\Common\function.php 第 501 行.
SQL: SELECT * FROM `kevinmanager_menu` WHERE `uid` = 1 AND `is_hide` = 0 ORDER BY sort asc, id asc  [ RunTime:0.0013s ]
NOTIC: [8] Undefined index: core_side_menu D:\phpStudy\WWW\fanXing\weicmsServer\Application\Common\Model\ManagerMenuModel.class.php 第 116 行.
NOTIC: [8] Undefined index: core_side_menu D:\phpStudy\WWW\fanXing\weicmsServer\Application\Common\Model\ManagerMenuModel.class.php 第 116 行.
NOTIC: [2] Invalid argument supplied for foreach() D:\phpStudy\WWW\fanXing\weicmsServer\Application\Common\Model\ManagerMenuModel.class.php 第 176 行.
SQL: SHOW COLUMNS FROM `kevinpublic_link` [ RunTime:0.0076s ]
SQL: SELECT * FROM `kevinpublic_link` WHERE `uid` = 1  [ RunTime:0.0013s ]
NOTIC: [2] Invalid argument supplied for foreach() D:\phpStudy\WWW\fanXing\weicmsServer\Application\Common\Model\PublicModel.class.php 第 48 行.
NOTIC: [8] Undefined variable: res D:\phpStudy\WWW\fanXing\weicmsServer\Application\Common\Model\PublicModel.class.php 第 52 行.
SQL: SELECT `id`,`title` FROM `kevinaddons` WHERE `status` = 1  [ RunTime:0.0014s ]
SQL: SHOW COLUMNS FROM `kevinattribute` [ RunTime:0.0077s ]
SQL: UPDATE `kevinattribute` SET `extra`='167:微信小程序报价
168:用户反馈
170:微信用户中心
' WHERE `name` = 'addon_status' [ RunTime:0.0027s ]
SQL: SHOW COLUMNS FROM `kevinmenu` [ RunTime:0.0061s ]
SQL: SELECT `id`,`title`,`url` FROM `kevinmenu` WHERE `pid` = 0 AND `hide` = 0 AND `is_dev` = 0 ORDER BY sort asc  [ RunTime:0.0013s ]
SQL: SELECT `pid` FROM `kevinmenu` WHERE ( pid !=0 AND url like '%Update/delcache%' ) LIMIT 1   [ RunTime:0.0017s ]
SQL: SELECT * FROM `kevinmenu` WHERE `id` = 68 LIMIT 1   [ RunTime:0.0014s ]
SQL: SELECT DISTINCT  `group` FROM `kevinmenu` WHERE `group` <> '' AND `pid` = 68  [ RunTime:0.0015s ]
SQL: SELECT `id`,`url` FROM `kevinmenu` WHERE `pid` = 68 AND `hide` = 0 AND `is_dev` = 0  [ RunTime:0.0012s ]
SQL: SELECT `id`,`pid`,`title`,`url`,`tip` FROM `kevinmenu` WHERE `group` = '系统设置' AND `pid` = 68 AND `hide` = 0 AND `is_dev` = 0 ORDER BY sort asc  [ RunTime:0.0013s ]
SQL: SELECT `id`,`pid`,`title`,`url`,`tip` FROM `kevinmenu` WHERE `group` = '数据备份' AND `pid` = 68 AND `hide` = 0 AND `is_dev` = 0 ORDER BY sort asc  [ RunTime:0.0013s ]
INFO: [ view_parse ] --START--
INFO: [ template_filter ] --START--
INFO: Run Behavior\ContentReplaceBehavior [ RunTime:0.000132s ]
INFO: [ template_filter ] --END-- [ RunTime:0.000174s ]
NOTIC: [8] Undefined variable: meta_title D:\phpStudy\WWW\fanXing\weicmsServer\Runtime\Cache\Admin\7448bc5b6c7ede42a8f022f98e8cc17b.php 第 5 行.
SQL: SELECT * FROM `kevinuser` WHERE `uid` = 1 LIMIT 1   [ RunTime:0.0013s ]
SQL: SELECT `uid`,`has_public`,`headface_url`,`GammaAppId`,`GammaSecret`,`copy_right`,`tongji_code`,`website_logo` FROM `kevinmanager` WHERE ( uid='1' ) LIMIT 1   [ RunTime:0.0010s ]
SQL: SHOW COLUMNS FROM `kevinauth_group_access` [ RunTime:0.0056s ]
SQL: SELECT a.group_id,g.title,g.type,g.icon FROM kevinauth_group_access a INNER JOIN kevinauth_group g on a.group_id=g.id  WHERE ( a.uid='1' and g.status='1' )  [ RunTime:0.0014s ]
SQL: SELECT `openid`,`token`,`uid`,`has_subscribe`,`syc_status`,`remark` FROM `kevinpublic_follow` WHERE ( uid='1' )  [ RunTime:0.0012s ]
NOTIC: [2] Invalid argument supplied for foreach() D:\phpStudy\WWW\fanXing\weicmsServer\Application\Common\Model\UserModel.class.php 第 251 行.
NOTIC: [8] Undefined index:  D:\phpStudy\WWW\fanXing\weicmsServer\Application\Common\Model\UserModel.class.php 第 271 行.
NOTIC: [8] Undefined index:  D:\phpStudy\WWW\fanXing\weicmsServer\Application\Common\Model\UserModel.class.php 第 272 行.
NOTIC: [8192] preg_replace(): The /e modifier is deprecated, use preg_replace_callback instead D:\phpStudy\WWW\fanXing\weicmsServer\Application\Common\Common\function.php 第 3285 行.
NOTIC: [8] Undefined variable: txt D:\phpStudy\WWW\fanXing\weicmsServer\Application\Common\Common\function.php 第 3294 行.
SQL: SELECT `tag_id` FROM `kevinuser_tag_link` WHERE `uid` = 1  [ RunTime:0.0010s ]
NOTIC: [2] file_put_contents(./Runtime/Temp/weicmsServer_931b5b3cad55d64c859ac8fe37543b59.php): failed to open stream: No such file or directory D:\phpStudy\WWW\fanXing\weicmsServer\ThinkPHP\Library\Think\Cache\Driver\File.class.php 第 137 行.
SQL: SELECT * FROM `kevinuser` WHERE `uid` = 1 LIMIT 1   [ RunTime:0.0014s ]
SQL: SELECT `uid`,`has_public`,`headface_url`,`GammaAppId`,`GammaSecret`,`copy_right`,`tongji_code`,`website_logo` FROM `kevinmanager` WHERE ( uid='1' ) LIMIT 1   [ RunTime:0.0012s ]
SQL: SHOW COLUMNS FROM `kevinauth_group_access` [ RunTime:0.0087s ]
SQL: SELECT a.group_id,g.title,g.type,g.icon FROM kevinauth_group_access a INNER JOIN kevinauth_group g on a.group_id=g.id  WHERE ( a.uid='1' and g.status='1' )  [ RunTime:0.0015s ]
SQL: SELECT `openid`,`token`,`uid`,`has_subscribe`,`syc_status`,`remark` FROM `kevinpublic_follow` WHERE ( uid='1' )  [ RunTime:0.0012s ]
NOTIC: [2] Invalid argument supplied for foreach() D:\phpStudy\WWW\fanXing\weicmsServer\Application\Common\Model\UserModel.class.php 第 251 行.
NOTIC: [8] Undefined index:  D:\phpStudy\WWW\fanXing\weicmsServer\Application\Common\Model\UserModel.class.php 第 271 行.
NOTIC: [8] Undefined index:  D:\phpStudy\WWW\fanXing\weicmsServer\Application\Common\Model\UserModel.class.php 第 272 行.
NOTIC: [8192] preg_replace(): The /e modifier is deprecated, use preg_replace_callback instead D:\phpStudy\WWW\fanXing\weicmsServer\Application\Common\Common\function.php 第 3285 行.
NOTIC: [8] Undefined variable: txt D:\phpStudy\WWW\fanXing\weicmsServer\Application\Common\Common\function.php 第 3294 行.
SQL: SELECT `tag_id` FROM `kevinuser_tag_link` WHERE `uid` = 1  [ RunTime:0.0012s ]
NOTIC: [2] file_put_contents(./Runtime/Temp/weicmsServer_931b5b3cad55d64c859ac8fe37543b59.php): failed to open stream: No such file or directory D:\phpStudy\WWW\fanXing\weicmsServer\ThinkPHP\Library\Think\Cache\Driver\File.class.php 第 137 行.
INFO: Run Behavior\ParseTemplateBehavior [ RunTime:0.050621s ]
INFO: [ view_parse ] --END-- [ RunTime:0.050695s ]
INFO: [ view_filter ] --START--
INFO: Run Behavior\WriteHtmlCacheBehavior [ RunTime:0.000634s ]
INFO: [ view_filter ] --END-- [ RunTime:0.000693s ]
INFO: [ app_end ] --START--
INFO: Run Behavior\ShowPageTraceBehavior [ RunTime:0.000942s ]
INFO: [ app_end ] --END-- [ RunTime:0.001011s ]

